C51 COMPILER V9.02   PROG                                                                  04/04/2013 00:16:16 PAGE 1   


C51 COMPILER V9.02, COMPILATION OF MODULE PROG
OBJECT MODULE PLACED IN .\HEX\Prog.obj
COMPILER INVOKED BY: C:\Keil\C51\BIN\C51.EXE Prog.c LARGE BROWSE INCDIR(.\Headers) DEBUG OBJECTEXTEND OBJECT(.\HEX\Prog.
                    -obj)

line level    source

   1          //===========================================================================
   2          //                          "Prog.c"
   3          //===========================================================================
   4          
   5          //---------------------------------------------------------------------------
   6          // Includes
   7          //---------------------------------------------------------------------------
   8          #include "REG_89C51.h"     // MicroControler Header
   9          #include "type_var_H.h"    // Types Definition Header
  10          #include "Delays_H.h"      // Delay Functions Header
  11          #include "DStructure.h"    // Data Structs Header
  12          #include "OUTPUTS.h"       // Complex OutPuts Header
  13          #include "Key_Pad_3x4.h"   // Kay Pad Functions Header
  14          #include "lcd_TC1602B.h"   // LCD Functions Header
  15          #include "ADC0808_H.h"     // ADC0808 Functions Header
  16          #include "ISD25120.h"      // ISD25120 Functions Header
  17          #include "Doors_H.h"       // Doors Functions Header
  18          #include "Speedometer.h"   // Speedometer Functions Header
  19          
  20          
  21          ////---------------------------------------------------------------------------
  22          //// MAIN Routine
  23          ////---------------------------------------------------------------------------
  24          
  25          
  26          void main( void )
  27          {
  28   1              
  29   1              init_ISD();             
  30   1              delay_ms(1000);
  31   1              init_lcd();       
  32   1              print_lcd(0,0,"  Welcome to    ");
  33   1              print_lcd(1,0," V.A.S Project  ");
  34   1              delay_ms(2300);
  35   1              print_lcd(0,0,"   Made By:     ");
  36   1              print_lcd(1,0," Dvir and Eli   ");
  37   1              
  38   1              while(1)
  39   1              {       
  40   2                      settings.keys.key = 0x00;
  41   2                      while (settings.keys.key != '#') {scanPad();}   //      turn on
  42   2                      
  43   2                      inIt_Settings();        // reset System Settings        
  44   2                      inItOutPuts();          // reset System OutPuts 
  45   2                                                                      
  46   2                      scanVolt(1);            // force msg voice after Voltage scan           
  47   2                      scanTemp(1);            // force msg voice after Temperatur scan                
  48   2                      scanFull(1);            // force msg voice after Feul scan              
  49   2                      scanDoors(1);           // force msg voice after Doors scan                                             
  50   2                      while(settings.keys.key != '#')                                 //  turn off
  51   2                      {       
  52   3                              
  53   3                              if(msgExist())  // check if there is msg to play
  54   3                              {
C51 COMPILER V9.02   PROG                                                                  04/04/2013 00:16:16 PAGE 2   

  55   4                                      playMsg();      // execute msg
  56   4                                      settings.fInterval = 0;  // reset msg interval
  57   4                              }
  58   3                              else
  59   3                              {                                    
  60   4                                      if(settings.fInterval == 0) // print once until next msg 
  61   4                                      {
  62   5                                              // print the system stats template
  63   5                                              print_lcd(0,0,"[T:   C][V:   V]");
  64   5                                              print_lcd(1,0,"[F:   L][S:   K]");                                      
  65   5                                      }                               
  66   4                                      // print the values of : Temperatur, Voltage
  67   4                                      //                       Feul, Speed
  68   4                                      print_dec_lcd(0,3,settings.temp.tmpr);
  69   4                                      print_dec_lcd(0,11,settings.acc.voltage);
  70   4                                      print_dec_lcd(1,3,settings.tank.fuel);                                  
  71   4                                      print_dec_lcd(1,11,settings.speed.speed);                                       
  72   4                                      settings.fInterval++;  // increment interval
  73   4                              }
  74   3      
  75   3                              scanPad();                                 // check for input
  76   3                              upDateSettings();                  // update system settings
  77   3      
  78   3                              // is it time for system state msg?
  79   3                              if(settings.fInterval == FORCE_MESSAGE_INTERVAL) 
  80   3                              {
  81   4                                      // scan and force msg
  82   4                                      getSpeed(1);                    
  83   4                                      scanVolt(1);                            
  84   4                                      scanTemp(1);
  85   4                                      scanFull(1);
  86   4                                      scanDoors(1);                   
  87   4                              } 
  88   3                              else  // no
  89   3                              {               
  90   4                                      // regular scan
  91   4                                      getSpeed(0);                    
  92   4                                      scanVolt(0);                            
  93   4                                      scanTemp(0);
  94   4                                      scanFull(0);
  95   4                                      scanDoors(0);
  96   4                              }
  97   3                      }
  98   2                      
  99   2                      // clear the screen [dump solution!]:
 100   2                      print_lcd(0,0,"                ");
 101   2                      print_lcd(1,0,"                ");
 102   2              }
 103   1      
 104   1      
 105   1      
 106   1      }
 107          
 108          
 109          //===========================================================================
 110          //                  End Of File "Prog.c"
 111          //===========================================================================


MODULE INFORMATION:   STATIC OVERLAYABLE
   CODE SIZE        =   6219    ----
   CONSTANT SIZE    =    530    ----
C51 COMPILER V9.02   PROG                                                                  04/04/2013 00:16:16 PAGE 3   

   XDATA SIZE       =    459      70
   PDATA SIZE       =   ----    ----
   DATA SIZE        =   ----    ----
   IDATA SIZE       =   ----    ----
   BIT SIZE         =      2       6
END OF MODULE INFORMATION.


C51 COMPILATION COMPLETE.  0 WARNING(S),  0 ERROR(S)
